\BOOKMARK [1][-]{section*.1}{\376\377\000A\000c\000k\000n\000o\000w\000l\000e\000d\000g\000m\000e\000n\000t\000s}{}% 1
\BOOKMARK [1][-]{section*.2}{\376\377\000R\000e\000s\000u\000m\000o}{}% 2
\BOOKMARK [1][-]{section*.3}{\376\377\000A\000b\000s\000t\000r\000a\000c\000t}{}% 3
\BOOKMARK [1][-]{section*.5}{\376\377\000L\000i\000s\000t\000\040\000o\000f\000\040\000T\000a\000b\000l\000e\000s}{}% 4
\BOOKMARK [1][-]{section*.7}{\376\377\000L\000i\000s\000t\000\040\000o\000f\000\040\000F\000i\000g\000u\000r\000e\000s}{}% 5
\BOOKMARK [1][-]{section*.9}{\376\377\000N\000o\000m\000e\000n\000c\000l\000a\000t\000u\000r\000e}{}% 6
\BOOKMARK [1][-]{section*.11}{\376\377\000G\000l\000o\000s\000s\000a\000r\000y}{}% 7
\BOOKMARK [0][-]{chapter.1}{\376\377\0001\000\040\000I\000n\000t\000r\000o\000d\000u\000c\000t\000i\000o\000n}{}% 8
\BOOKMARK [1][-]{section.1.1}{\376\377\0001\000.\0001\000\040\000A\000u\000t\000o\000r\000o\000t\000a\000t\000i\000o\000n\000\040\000f\000o\000r\000\040\000S\000p\000a\000c\000e\000\040\000V\000e\000h\000i\000c\000l\000e\000s}{chapter.1}% 9
\BOOKMARK [2][-]{subsection.1.1.1}{\376\377\0001\000.\0001\000.\0001\000\040\000R\000o\000t\000a\000r\000y\000\040\000W\000i\000n\000g\000\040\000R\000e\000c\000o\000v\000e\000r\000y\000\040\000S\000y\000s\000t\000e\000m\000\040\000I\000n\000\040\000t\000h\000e\000\040\000E\000a\000r\000l\000y\000\040\000A\000g\000e\000s\000\040\000o\000f\000\040\000S\000p\000a\000c\000e\000\040\000E\000x\000p\000l\000o\000r\000a\000t\000i\000o\000n}{section.1.1}% 10
\BOOKMARK [2][-]{subsection.1.1.2}{\376\377\0001\000.\0001\000.\0002\000\040\000W\000h\000y\000\040\000u\000s\000i\000n\000g\000\040\000r\000o\000t\000a\000r\000y\000\040\000w\000i\000n\000g\000s\000\040\000f\000o\000r\000\040\000s\000p\000a\000c\000e\000\040\000v\000e\000h\000i\000c\000l\000e\000\040\000r\000e\000c\000o\000v\000e\000r\000y\000?}{section.1.1}% 11
\BOOKMARK [1][-]{section.1.2}{\376\377\0001\000.\0002\000\040\000A\000u\000t\000o\000r\000o\000t\000a\000t\000i\000o\000n\000\040\000O\000v\000e\000r\000v\000i\000e\000w}{chapter.1}% 12
\BOOKMARK [2][-]{subsection.1.2.1}{\376\377\0001\000.\0002\000.\0001\000\040\000H\000e\000l\000i\000c\000o\000p\000t\000e\000r\000s\000\040\000A\000u\000t\000o\000r\000o\000t\000a\000t\000i\000o\000n\000\040\000M\000a\000n\000e\000u\000v\000e\000r}{section.1.2}% 13
\BOOKMARK [2][-]{subsection.1.2.2}{\376\377\0001\000.\0002\000.\0002\000\040\000P\000r\000o\000j\000e\000c\000t\000s\000\040\000a\000n\000d\000\040\000l\000i\000t\000e\000r\000a\000t\000u\000r\000e\000\040\000r\000e\000v\000i\000e\000w}{section.1.2}% 14
\BOOKMARK [3][-]{section*.17}{\376\377\000A\000R\000M\000A\000D\000A}{subsection.1.2.2}% 15
\BOOKMARK [3][-]{section*.21}{\376\377\000H\000u\000m\000m\000i\000n\000g\000b\000i\000r\000d}{subsection.1.2.2}% 16
\BOOKMARK [3][-]{section*.23}{\376\377\000D\000E\000A\000D\000A\000L\000U\000S}{subsection.1.2.2}% 17
\BOOKMARK [1][-]{section.1.3}{\376\377\0001\000.\0003\000\040\000A\000u\000t\000o\000r\000o\000t\000a\000t\000i\000o\000n\000\040\000A\000n\000a\000l\000y\000s\000i\000s\000\040\000M\000e\000t\000h\000o\000d\000o\000l\000o\000g\000i\000e\000s\000\040\000a\000n\000d\000\040\000L\000i\000t\000e\000r\000a\000t\000u\000r\000e\000\040\000R\000e\000v\000i\000e\000w}{chapter.1}% 18
\BOOKMARK [1][-]{section.1.4}{\376\377\0001\000.\0004\000\040\000O\000b\000j\000e\000c\000t\000i\000v\000e\000s}{chapter.1}% 19
\BOOKMARK [1][-]{section.1.5}{\376\377\0001\000.\0005\000\040\000T\000h\000e\000s\000i\000s\000\040\000O\000u\000t\000l\000i\000n\000e}{chapter.1}% 20
\BOOKMARK [0][-]{chapter.2}{\376\377\0002\000\040\000B\000a\000c\000k\000g\000r\000o\000u\000n\000d}{}% 21
\BOOKMARK [1][-]{section.2.1}{\376\377\0002\000.\0001\000\040\000R\000e\000f\000e\000r\000e\000n\000c\000e\000\040\000F\000r\000a\000m\000e\000s}{chapter.2}% 22
\BOOKMARK [1][-]{section.2.2}{\376\377\0002\000.\0002\000\040\000V\000e\000h\000i\000c\000l\000e\000\040\000D\000y\000n\000a\000m\000i\000c\000s}{chapter.2}% 23
\BOOKMARK [2][-]{subsection.2.2.1}{\376\377\0002\000.\0002\000.\0001\000\040\000G\000r\000a\000v\000i\00